<?xml version="1.0" encoding="UTF-8"?>
<!-- Generated by org.testng.reporters.JUnitReportReporter -->
<testsuite skipped="0" hostname="DESKTOP-TLIRE04" name="JDBC.JdbcTest1" tests="1" failures="0" timestamp="2022-01-26T18:16:59 IST" time="0.449" errors="0">
  <testcase name="DemoSelectQuery" time="0.449" classname="JDBC.JdbcTest1"/>
  <system-out/>
</testsuite> <!-- JDBC.JdbcTest1 -->
