<?xml version="1.0" encoding="UTF-8"?>
<!-- Generated by org.testng.reporters.JUnitReportReporter -->
<testsuite skipped="0" hostname="DESKTOP-TLIRE04" name="JDBC.JDBC2" tests="1" failures="0" timestamp="2022-01-26T18:13:55 IST" time="0.598" errors="0">
  <testcase name="jdbc2" time="0.598" classname="JDBC.JDBC2"/>
  <system-out/>
</testsuite> <!-- JDBC.JDBC2 -->
